Start testing: Aug 26 16:52 UTC
----------------------------------------------------------
1/1 Testing: test_main
1/1 Test: test_main
Command: "/workspaces/CMake/build/test/test_main"
Directory: /workspaces/CMake/build/test
"test_main" start time: Aug 26 16:52 UTC
Output:
----------------------------------------------------------
<end of output>
Test time =   0.00 sec
----------------------------------------------------------
Test Passed.
"test_main" end time: Aug 26 16:52 UTC
"test_main" time elapsed: 00:00:00
----------------------------------------------------------

End testing: Aug 26 16:52 UTC
