<?xml version="1.0" encoding="UTF-8"?>
<Site BuildName="(empty)"
	BuildStamp="20260825-1746-Experimental"
	Name="(empty)"
	Generator="ctest-3.16.3"
	CompilerName=""
	CompilerVersion=""
	OSName="Linux"
	Hostname="codespaces-8c21f2"
	OSRelease="6.8.0-1052-azure"
	OSVersion="#58~22.04.1-Ubuntu SMP Thu Mar 26 05:02:21 UTC 2026"
	OSPlatform="x86_64"
	Is64Bits="1"
	VendorString="AuthenticAMD"
	VendorID="Advanced Micro Devices"
	FamilyID="25"
	ModelID="1"
	ProcessorCacheSize="512"
	NumberOfLogicalCPU="2"
	NumberOfPhysicalCPU="1"
	TotalVirtualMemory="0"
	TotalPhysicalMemory="7944"
	LogicalProcessorsPerPhysical="2"
	ProcessorClockFrequency="3243.53"
	>
	<Testing>
		<StartDateTime>Aug 25 17:55 UTC</StartDateTime>
		<StartTestTime>1787680509</StartTestTime>
		<TestList/>
		<EndDateTime>Aug 25 17:55 UTC</EndDateTime>
		<EndTestTime>1787680509</EndTestTime>
		<ElapsedMinutes>0</ElapsedMinutes>
	</Testing>
</Site>
